<?xml version="1.0" encoding="UTF-8"?>
<testng-results ignored="0" total="1" passed="1" failed="0" skipped="0">
  <reporter-output>
  </reporter-output>
  <suite started-at="2023-08-24T12:45:58 IST" name="Default suite" finished-at="2023-08-24T12:46:08 IST" duration-ms="10107">
    <groups>
    </groups>
    <test started-at="2023-08-24T12:45:58 IST" name="Default test" finished-at="2023-08-24T12:46:08 IST" duration-ms="10107">
      <class name="com.SwagLabs.tests.sauceBagsAddToCartTest">
        <test-method is-config="true" signature="login()[pri:0, instance:com.SwagLabs.tests.sauceBagsAddToCartTest@43dac38f]" started-at="2023-08-24T12:45:58 IST" name="login" finished-at="2023-08-24T12:46:04 IST" duration-ms="6518" status="PASS">
          <reporter-output>
          </reporter-output>
        </test-method> <!-- login -->
        <test-method signature="sauceBagsAddToCart()[pri:0, instance:com.SwagLabs.tests.sauceBagsAddToCartTest@43dac38f]" started-at="2023-08-24T12:46:04 IST" name="sauceBagsAddToCart" finished-at="2023-08-24T12:46:07 IST" duration-ms="2263" status="PASS">
          <reporter-output>
          </reporter-output>
        </test-method> <!-- sauceBagsAddToCart -->
        <test-method is-config="true" signature="closingBrowserWindow()[pri:0, instance:com.SwagLabs.tests.sauceBagsAddToCartTest@43dac38f]" started-at="2023-08-24T12:46:07 IST" name="closingBrowserWindow" finished-at="2023-08-24T12:46:08 IST" duration-ms="1243" status="PASS">
          <reporter-output>
          </reporter-output>
        </test-method> <!-- closingBrowserWindow -->
      </class> <!-- com.SwagLabs.tests.sauceBagsAddToCartTest -->
    </test> <!-- Default test -->
  </suite> <!-- Default suite -->
</testng-results>
